<?xml version="1.0" encoding="UTF-8"?>
<!-- Generated by org.testng.reporters.JUnitXMLReporter -->
<testsuite ignored="0" hostname="DESKTOP-4R6OVPN" failures="0" tests="6" name="Test" time="115.034" errors="0" timestamp="2022-12-01T11:55:20 IST">
  <testcase classname="ai.ds.testLayer.GetTraansactionsTest" name="verifyTransactions" time="14.179"/>
  <testcase classname="ai.ds.testLayer.LoginTest" name="verifyLoginFun" time="3.753"/>
  <testcase classname="ai.ds.testLayer.BuyFunctionalyTest" name="TC_BF_001" time="9.366"/>
  <testcase classname="ai.ds.testLayer.BuyFunctionalyTest" name="TC_BF_002" time="10.351"/>
  <testcase classname="ai.ds.testLayer.BuyFunctionalyTest" name="TC_BF_003" time="10.412"/>
  <testcase classname="ai.ds.testLayer.BuyFunctionalyTest" name="TC_BF_004" time="10.822"/>
</testsuite> <!-- Test -->
