<?xml version="1.0" encoding="UTF-8"?>
<!-- Generated by org.testng.reporters.JUnitXMLReporter -->
<testsuite ignored="0" hostname="DESKTOP-4R6OVPN" failures="0" tests="6" name="Test" time="102.806" errors="0" timestamp="2022-12-02T14:32:42 IST">
  <testcase classname="ai.ds.testLayer.GetTraansactionsTest" name="verifyTransactions" time="11.271"/>
  <testcase classname="ai.ds.testLayer.LoginTest" name="verifyLoginFun" time="3.377"/>
  <testcase classname="ai.ds.testLayer.BuyFunctionalyTest" name="TC_BF_001" time="9.1"/>
  <testcase classname="ai.ds.testLayer.BuyFunctionalyTest" name="TC_BF_002" time="10.634"/>
  <testcase classname="ai.ds.testLayer.BuyFunctionalyTest" name="TC_BF_003" time="10.184"/>
  <testcase classname="ai.ds.testLayer.BuyFunctionalyTest" name="TC_BF_004" time="10.037"/>
</testsuite> <!-- Test -->
