<?xml version="1.0" encoding="UTF-8"?>
<testng-results ignored="0" total="6" passed="6" failed="0" skipped="0">
  <reporter-output>
  </reporter-output>
  <suite started-at="2022-11-29T23:36:43 IST" name="Regression Suite" finished-at="2022-11-29T23:38:40 IST" duration-ms="117188">
    <groups>
    </groups>
    <test started-at="2022-11-29T23:36:43 IST" name="Regression Test" finished-at="2022-11-29T23:38:40 IST" duration-ms="117188">
      <class name="testLayer.LoginTest">
        <test-method is-config="true" signature="start()[pri:0, instance:testLayer.LoginTest@16293aa2]" started-at="2022-11-29T23:37:07 IST" name="start" finished-at="2022-11-29T23:37:07 IST" duration-ms="4" status="PASS">
          <reporter-output>
          </reporter-output>
        </test-method> <!-- start -->
        <test-method is-config="true" signature="Launcher(java.lang.String)[pri:0, instance:testLayer.LoginTest@16293aa2]" started-at="2022-11-29T23:37:07 IST" name="Launcher" finished-at="2022-11-29T23:37:13 IST" duration-ms="5830" status="PASS">
          <params>
            <param index="0">
              <value>
                <![CDATA[chrome]]>
              </value>
            </param>
          </params>
          <reporter-output>
          </reporter-output>
        </test-method> <!-- Launcher -->
        <test-method signature="verifyLoginFun()[pri:0, instance:testLayer.LoginTest@16293aa2]" started-at="2022-11-29T23:37:13 IST" name="verifyLoginFun" finished-at="2022-11-29T23:37:17 IST" duration-ms="3321" status="PASS">
          <reporter-output>
          </reporter-output>
        </test-method> <!-- verifyLoginFun -->
        <test-method is-config="true" signature="QuiteBrowser()[pri:0, instance:testLayer.LoginTest@16293aa2]" started-at="2022-11-29T23:37:17 IST" name="QuiteBrowser" finished-at="2022-11-29T23:37:19 IST" duration-ms="2254" status="PASS">
          <reporter-output>
          </reporter-output>
        </test-method> <!-- QuiteBrowser -->
        <test-method is-config="true" signature="end()[pri:0, instance:testLayer.LoginTest@16293aa2]" started-at="2022-11-29T23:37:19 IST" name="end" finished-at="2022-11-29T23:37:19 IST" duration-ms="1" status="PASS">
          <reporter-output>
          </reporter-output>
        </test-method> <!-- end -->
      </class> <!-- testLayer.LoginTest -->
      <class name="testLayer.BuyFunctionalyTest">
        <test-method is-config="true" signature="start()[pri:0, instance:testLayer.BuyFunctionalyTest@5158b42f]" started-at="2022-11-29T23:37:19 IST" name="start" finished-at="2022-11-29T23:37:19 IST" duration-ms="9" status="PASS">
          <reporter-output>
          </reporter-output>
        </test-method> <!-- start -->
        <test-method is-config="true" signature="Launcher(java.lang.String)[pri:0, instance:testLayer.BuyFunctionalyTest@5158b42f]" started-at="2022-11-29T23:37:19 IST" name="Launcher" finished-at="2022-11-29T23:37:27 IST" duration-ms="8413" status="PASS">
          <params>
            <param index="0">
              <value>
                <![CDATA[chrome]]>
              </value>
            </param>
          </params>
          <reporter-output>
          </reporter-output>
        </test-method> <!-- Launcher -->
        <test-method signature="TC_BF_001()[pri:0, instance:testLayer.BuyFunctionalyTest@5158b42f]" started-at="2022-11-29T23:37:27 IST" name="TC_BF_001" finished-at="2022-11-29T23:37:37 IST" duration-ms="9389" status="PASS">
          <reporter-output>
          </reporter-output>
        </test-method> <!-- TC_BF_001 -->
        <test-method is-config="true" signature="QuiteBrowser()[pri:0, instance:testLayer.BuyFunctionalyTest@5158b42f]" started-at="2022-11-29T23:37:37 IST" name="QuiteBrowser" finished-at="2022-11-29T23:37:39 IST" duration-ms="2194" status="PASS">
          <reporter-output>
          </reporter-output>
        </test-method> <!-- QuiteBrowser -->
        <test-method is-config="true" signature="Launcher(java.lang.String)[pri:0, instance:testLayer.BuyFunctionalyTest@5158b42f]" started-at="2022-11-29T23:37:39 IST" name="Launcher" finished-at="2022-11-29T23:37:46 IST" duration-ms="7230" status="PASS">
          <params>
            <param index="0">
              <value>
                <![CDATA[chrome]]>
              </value>
            </param>
          </params>
          <reporter-output>
          </reporter-output>
        </test-method> <!-- Launcher -->
        <test-method signature="TC_BF_002()[pri:0, instance:testLayer.BuyFunctionalyTest@5158b42f]" started-at="2022-11-29T23:37:46 IST" name="TC_BF_002" finished-at="2022-11-29T23:37:56 IST" duration-ms="10074" status="PASS">
          <reporter-output>
          </reporter-output>
        </test-method> <!-- TC_BF_002 -->
        <test-method is-config="true" signature="QuiteBrowser()[pri:0, instance:testLayer.BuyFunctionalyTest@5158b42f]" started-at="2022-11-29T23:37:56 IST" name="QuiteBrowser" finished-at="2022-11-29T23:37:58 IST" duration-ms="2246" status="PASS">
          <reporter-output>
          </reporter-output>
        </test-method> <!-- QuiteBrowser -->
        <test-method is-config="true" signature="Launcher(java.lang.String)[pri:0, instance:testLayer.BuyFunctionalyTest@5158b42f]" started-at="2022-11-29T23:37:58 IST" name="Launcher" finished-at="2022-11-29T23:38:04 IST" duration-ms="6119" status="PASS">
          <params>
            <param index="0">
              <value>
                <![CDATA[chrome]]>
              </value>
            </param>
          </params>
          <reporter-output>
          </reporter-output>
        </test-method> <!-- Launcher -->
        <test-method signature="TC_BF_003()[pri:0, instance:testLayer.BuyFunctionalyTest@5158b42f]" started-at="2022-11-29T23:38:04 IST" name="TC_BF_003" finished-at="2022-11-29T23:38:15 IST" duration-ms="10805" status="PASS">
          <reporter-output>
          </reporter-output>
        </test-method> <!-- TC_BF_003 -->
        <test-method is-config="true" signature="QuiteBrowser()[pri:0, instance:testLayer.BuyFunctionalyTest@5158b42f]" started-at="2022-11-29T23:38:15 IST" name="QuiteBrowser" finished-at="2022-11-29T23:38:18 IST" duration-ms="2278" status="PASS">
          <reporter-output>
          </reporter-output>
        </test-method> <!-- QuiteBrowser -->
        <test-method is-config="true" signature="Launcher(java.lang.String)[pri:0, instance:testLayer.BuyFunctionalyTest@5158b42f]" started-at="2022-11-29T23:38:18 IST" name="Launcher" finished-at="2022-11-29T23:38:27 IST" duration-ms="9823" status="PASS">
          <params>
            <param index="0">
              <value>
                <![CDATA[chrome]]>
              </value>
            </param>
          </params>
          <reporter-output>
          </reporter-output>
        </test-method> <!-- Launcher -->
        <test-method signature="TC_BF_004()[pri:0, instance:testLayer.BuyFunctionalyTest@5158b42f]" started-at="2022-11-29T23:38:27 IST" name="TC_BF_004" finished-at="2022-11-29T23:38:38 IST" duration-ms="10254" status="PASS">
          <reporter-output>
          </reporter-output>
        </test-method> <!-- TC_BF_004 -->
        <test-method is-config="true" signature="QuiteBrowser()[pri:0, instance:testLayer.BuyFunctionalyTest@5158b42f]" started-at="2022-11-29T23:38:38 IST" name="QuiteBrowser" finished-at="2022-11-29T23:38:40 IST" duration-ms="2275" status="PASS">
          <reporter-output>
          </reporter-output>
        </test-method> <!-- QuiteBrowser -->
        <test-method is-config="true" signature="end()[pri:0, instance:testLayer.BuyFunctionalyTest@5158b42f]" started-at="2022-11-29T23:38:40 IST" name="end" finished-at="2022-11-29T23:38:40 IST" duration-ms="1" status="PASS">
          <reporter-output>
          </reporter-output>
        </test-method> <!-- end -->
      </class> <!-- testLayer.BuyFunctionalyTest -->
      <class name="testLayer.GetTraansactionsTest">
        <test-method is-config="true" signature="start()[pri:0, instance:testLayer.GetTraansactionsTest@52bf72b5]" started-at="2022-11-29T23:36:43 IST" name="start" finished-at="2022-11-29T23:36:43 IST" duration-ms="244" status="PASS">
          <reporter-output>
          </reporter-output>
        </test-method> <!-- start -->
        <test-method is-config="true" signature="Launcher(java.lang.String)[pri:0, instance:testLayer.GetTraansactionsTest@52bf72b5]" started-at="2022-11-29T23:36:43 IST" name="Launcher" finished-at="2022-11-29T23:36:54 IST" duration-ms="10841" status="PASS">
          <params>
            <param index="0">
              <value>
                <![CDATA[chrome]]>
              </value>
            </param>
          </params>
          <reporter-output>
          </reporter-output>
        </test-method> <!-- Launcher -->
        <test-method signature="verifyTransactions()[pri:0, instance:testLayer.GetTraansactionsTest@52bf72b5]" started-at="2022-11-29T23:36:54 IST" name="verifyTransactions" finished-at="2022-11-29T23:37:05 IST" duration-ms="11174" status="PASS">
          <reporter-output>
          </reporter-output>
        </test-method> <!-- verifyTransactions -->
        <test-method is-config="true" signature="QuiteBrowser()[pri:0, instance:testLayer.GetTraansactionsTest@52bf72b5]" started-at="2022-11-29T23:37:05 IST" name="QuiteBrowser" finished-at="2022-11-29T23:37:07 IST" duration-ms="2325" status="PASS">
          <reporter-output>
          </reporter-output>
        </test-method> <!-- QuiteBrowser -->
        <test-method is-config="true" signature="end()[pri:0, instance:testLayer.GetTraansactionsTest@52bf72b5]" started-at="2022-11-29T23:37:07 IST" name="end" finished-at="2022-11-29T23:37:07 IST" duration-ms="1" status="PASS">
          <reporter-output>
          </reporter-output>
        </test-method> <!-- end -->
      </class> <!-- testLayer.GetTraansactionsTest -->
    </test> <!-- Regression Test -->
  </suite> <!-- Regression Suite -->
</testng-results>
