<?xml version="1.0" encoding="UTF-8"?>
<testng-results ignored="0" total="6" passed="6" failed="0" skipped="0">
  <reporter-output>
  </reporter-output>
  <suite started-at="2022-12-02T14:30:59 IST" name="Suite" finished-at="2022-12-02T14:32:42 IST" duration-ms="102806">
    <groups>
    </groups>
    <test started-at="2022-12-02T14:30:59 IST" name="Test" finished-at="2022-12-02T14:32:42 IST" duration-ms="102806">
      <class name="ai.ds.testLayer.BuyFunctionalyTest">
        <test-method is-config="true" signature="start()[pri:0, instance:ai.ds.testLayer.BuyFunctionalyTest@5158b42f]" started-at="2022-12-02T14:31:30 IST" name="start" finished-at="2022-12-02T14:31:30 IST" duration-ms="6" status="PASS">
          <reporter-output>
          </reporter-output>
        </test-method> <!-- start -->
        <test-method is-config="true" signature="Launcher(java.lang.String)[pri:0, instance:ai.ds.testLayer.BuyFunctionalyTest@5158b42f]" started-at="2022-12-02T14:31:30 IST" name="Launcher" finished-at="2022-12-02T14:31:34 IST" duration-ms="3799" status="PASS">
          <params>
            <param index="0">
              <value>
                <![CDATA[chrome]]>
              </value>
            </param>
          </params>
          <reporter-output>
          </reporter-output>
        </test-method> <!-- Launcher -->
        <test-method signature="TC_BF_001()[pri:0, instance:ai.ds.testLayer.BuyFunctionalyTest@5158b42f]" started-at="2022-12-02T14:31:34 IST" name="TC_BF_001" finished-at="2022-12-02T14:31:43 IST" duration-ms="9100" status="PASS">
          <reporter-output>
          </reporter-output>
        </test-method> <!-- TC_BF_001 -->
        <test-method is-config="true" signature="QuiteBrowser()[pri:0, instance:ai.ds.testLayer.BuyFunctionalyTest@5158b42f]" started-at="2022-12-02T14:31:43 IST" name="QuiteBrowser" finished-at="2022-12-02T14:31:46 IST" duration-ms="2251" status="PASS">
          <reporter-output>
          </reporter-output>
        </test-method> <!-- QuiteBrowser -->
        <test-method is-config="true" signature="Launcher(java.lang.String)[pri:0, instance:ai.ds.testLayer.BuyFunctionalyTest@5158b42f]" started-at="2022-12-02T14:31:46 IST" name="Launcher" finished-at="2022-12-02T14:31:53 IST" duration-ms="6975" status="PASS">
          <params>
            <param index="0">
              <value>
                <![CDATA[chrome]]>
              </value>
            </param>
          </params>
          <reporter-output>
          </reporter-output>
        </test-method> <!-- Launcher -->
        <test-method signature="TC_BF_002()[pri:0, instance:ai.ds.testLayer.BuyFunctionalyTest@5158b42f]" started-at="2022-12-02T14:31:53 IST" name="TC_BF_002" finished-at="2022-12-02T14:32:03 IST" duration-ms="10634" status="PASS">
          <reporter-output>
          </reporter-output>
        </test-method> <!-- TC_BF_002 -->
        <test-method is-config="true" signature="QuiteBrowser()[pri:0, instance:ai.ds.testLayer.BuyFunctionalyTest@5158b42f]" started-at="2022-12-02T14:32:03 IST" name="QuiteBrowser" finished-at="2022-12-02T14:32:06 IST" duration-ms="2263" status="PASS">
          <reporter-output>
          </reporter-output>
        </test-method> <!-- QuiteBrowser -->
        <test-method is-config="true" signature="Launcher(java.lang.String)[pri:0, instance:ai.ds.testLayer.BuyFunctionalyTest@5158b42f]" started-at="2022-12-02T14:32:06 IST" name="Launcher" finished-at="2022-12-02T14:32:12 IST" duration-ms="5988" status="PASS">
          <params>
            <param index="0">
              <value>
                <![CDATA[chrome]]>
              </value>
            </param>
          </params>
          <reporter-output>
          </reporter-output>
        </test-method> <!-- Launcher -->
        <test-method signature="TC_BF_003()[pri:0, instance:ai.ds.testLayer.BuyFunctionalyTest@5158b42f]" started-at="2022-12-02T14:32:12 IST" name="TC_BF_003" finished-at="2022-12-02T14:32:22 IST" duration-ms="10184" status="PASS">
          <reporter-output>
          </reporter-output>
        </test-method> <!-- TC_BF_003 -->
        <test-method is-config="true" signature="QuiteBrowser()[pri:0, instance:ai.ds.testLayer.BuyFunctionalyTest@5158b42f]" started-at="2022-12-02T14:32:22 IST" name="QuiteBrowser" finished-at="2022-12-02T14:32:24 IST" duration-ms="2262" status="PASS">
          <reporter-output>
          </reporter-output>
        </test-method> <!-- QuiteBrowser -->
        <test-method is-config="true" signature="Launcher(java.lang.String)[pri:0, instance:ai.ds.testLayer.BuyFunctionalyTest@5158b42f]" started-at="2022-12-02T14:32:24 IST" name="Launcher" finished-at="2022-12-02T14:32:30 IST" duration-ms="5837" status="PASS">
          <params>
            <param index="0">
              <value>
                <![CDATA[chrome]]>
              </value>
            </param>
          </params>
          <reporter-output>
          </reporter-output>
        </test-method> <!-- Launcher -->
        <test-method signature="TC_BF_004()[pri:0, instance:ai.ds.testLayer.BuyFunctionalyTest@5158b42f]" started-at="2022-12-02T14:32:30 IST" name="TC_BF_004" finished-at="2022-12-02T14:32:40 IST" duration-ms="10037" status="PASS">
          <reporter-output>
          </reporter-output>
        </test-method> <!-- TC_BF_004 -->
        <test-method is-config="true" signature="QuiteBrowser()[pri:0, instance:ai.ds.testLayer.BuyFunctionalyTest@5158b42f]" started-at="2022-12-02T14:32:40 IST" name="QuiteBrowser" finished-at="2022-12-02T14:32:42 IST" duration-ms="2242" status="PASS">
          <reporter-output>
          </reporter-output>
        </test-method> <!-- QuiteBrowser -->
        <test-method is-config="true" signature="end()[pri:0, instance:ai.ds.testLayer.BuyFunctionalyTest@5158b42f]" started-at="2022-12-02T14:32:42 IST" name="end" finished-at="2022-12-02T14:32:42 IST" duration-ms="1" status="PASS">
          <reporter-output>
          </reporter-output>
        </test-method> <!-- end -->
      </class> <!-- ai.ds.testLayer.BuyFunctionalyTest -->
      <class name="ai.ds.testLayer.LoginTest">
        <test-method is-config="true" signature="start()[pri:0, instance:ai.ds.testLayer.LoginTest@16293aa2]" started-at="2022-12-02T14:31:20 IST" name="start" finished-at="2022-12-02T14:31:20 IST" duration-ms="8" status="PASS">
          <reporter-output>
          </reporter-output>
        </test-method> <!-- start -->
        <test-method is-config="true" signature="Launcher(java.lang.String)[pri:0, instance:ai.ds.testLayer.LoginTest@16293aa2]" started-at="2022-12-02T14:31:20 IST" name="Launcher" finished-at="2022-12-02T14:31:24 IST" duration-ms="4769" status="PASS">
          <params>
            <param index="0">
              <value>
                <![CDATA[chrome]]>
              </value>
            </param>
          </params>
          <reporter-output>
          </reporter-output>
        </test-method> <!-- Launcher -->
        <test-method signature="verifyLoginFun()[pri:0, instance:ai.ds.testLayer.LoginTest@16293aa2]" started-at="2022-12-02T14:31:24 IST" name="verifyLoginFun" finished-at="2022-12-02T14:31:28 IST" duration-ms="3377" status="PASS">
          <reporter-output>
          </reporter-output>
        </test-method> <!-- verifyLoginFun -->
        <test-method is-config="true" signature="QuiteBrowser()[pri:0, instance:ai.ds.testLayer.LoginTest@16293aa2]" started-at="2022-12-02T14:31:28 IST" name="QuiteBrowser" finished-at="2022-12-02T14:31:30 IST" duration-ms="2674" status="PASS">
          <reporter-output>
          </reporter-output>
        </test-method> <!-- QuiteBrowser -->
        <test-method is-config="true" signature="end()[pri:0, instance:ai.ds.testLayer.LoginTest@16293aa2]" started-at="2022-12-02T14:31:30 IST" name="end" finished-at="2022-12-02T14:31:30 IST" duration-ms="0" status="PASS">
          <reporter-output>
          </reporter-output>
        </test-method> <!-- end -->
      </class> <!-- ai.ds.testLayer.LoginTest -->
      <class name="ai.ds.testLayer.GetTraansactionsTest">
        <test-method is-config="true" signature="start()[pri:0, instance:ai.ds.testLayer.GetTraansactionsTest@52bf72b5]" started-at="2022-12-02T14:30:59 IST" name="start" finished-at="2022-12-02T14:31:00 IST" duration-ms="235" status="PASS">
          <reporter-output>
          </reporter-output>
        </test-method> <!-- start -->
        <test-method is-config="true" signature="Launcher(java.lang.String)[pri:0, instance:ai.ds.testLayer.GetTraansactionsTest@52bf72b5]" started-at="2022-12-02T14:31:00 IST" name="Launcher" finished-at="2022-12-02T14:31:06 IST" duration-ms="6550" status="PASS">
          <params>
            <param index="0">
              <value>
                <![CDATA[chrome]]>
              </value>
            </param>
          </params>
          <reporter-output>
          </reporter-output>
        </test-method> <!-- Launcher -->
        <test-method signature="verifyTransactions()[pri:0, instance:ai.ds.testLayer.GetTraansactionsTest@52bf72b5]" started-at="2022-12-02T14:31:06 IST" name="verifyTransactions" finished-at="2022-12-02T14:31:17 IST" duration-ms="11271" status="PASS">
          <reporter-output>
          </reporter-output>
        </test-method> <!-- verifyTransactions -->
        <test-method is-config="true" signature="QuiteBrowser()[pri:0, instance:ai.ds.testLayer.GetTraansactionsTest@52bf72b5]" started-at="2022-12-02T14:31:17 IST" name="QuiteBrowser" finished-at="2022-12-02T14:31:20 IST" duration-ms="2255" status="PASS">
          <reporter-output>
          </reporter-output>
        </test-method> <!-- QuiteBrowser -->
        <test-method is-config="true" signature="end()[pri:0, instance:ai.ds.testLayer.GetTraansactionsTest@52bf72b5]" started-at="2022-12-02T14:31:20 IST" name="end" finished-at="2022-12-02T14:31:20 IST" duration-ms="1" status="PASS">
          <reporter-output>
          </reporter-output>
        </test-method> <!-- end -->
      </class> <!-- ai.ds.testLayer.GetTraansactionsTest -->
    </test> <!-- Test -->
  </suite> <!-- Suite -->
</testng-results>
