<?xml version="1.0" encoding="UTF-8"?>
<!-- Generated by org.testng.reporters.JUnitXMLReporter -->
<testsuite ignored="0" hostname="DESKTOP-4R6OVPN" failures="0" tests="6" name="Regression Test" time="117.188" errors="0" timestamp="2022-11-29T23:38:40 IST">
  <testcase classname="testLayer.GetTraansactionsTest" name="verifyTransactions" time="11.174"/>
  <testcase classname="testLayer.LoginTest" name="verifyLoginFun" time="3.321"/>
  <testcase classname="testLayer.BuyFunctionalyTest" name="TC_BF_001" time="9.389"/>
  <testcase classname="testLayer.BuyFunctionalyTest" name="TC_BF_002" time="10.074"/>
  <testcase classname="testLayer.BuyFunctionalyTest" name="TC_BF_003" time="10.805"/>
  <testcase classname="testLayer.BuyFunctionalyTest" name="TC_BF_004" time="10.254"/>
</testsuite> <!-- Regression Test -->
